17:06:03 **** Incremental Build of configuration Debug for project UART_Driver ****
make all 
Building file: ../LCD/LCD_Prog.c
Invoking: AVR Compiler
avr-gcc -Wall -g2 -gstabs -O0 -fpack-struct -fshort-enums -ffunction-sections -fdata-sections -std=gnu99 -funsigned-char -funsigned-bitfields -mmcu=atmega32 -DF_CPU=8000000UL -MMD -MP -MF"LCD/LCD_Prog.d" -MT"LCD/LCD_Prog.o" -c -o "LCD/LCD_Prog.o" "../LCD/LCD_Prog.c"
In file included from ../LCD/LCD_Prog.c:14:
c:/winavr-20100110/lib/gcc/../../avr/include/util/delay.h:90:3: warning: #warning "Compiler optimizations disabled; functions from <util/delay.h> won't work as designed"
Finished building: ../LCD/LCD_Prog.c
 
Building file: ../DIO/DIO_Prog.c
Invoking: AVR Compiler
avr-gcc -Wall -g2 -gstabs -O0 -fpack-struct -fshort-enums -ffunction-sections -fdata-sections -std=gnu99 -funsigned-char -funsigned-bitfields -mmcu=atmega32 -DF_CPU=8000000UL -MMD -MP -MF"DIO/DIO_Prog.d" -MT"DIO/DIO_Prog.o" -c -o "DIO/DIO_Prog.o" "../DIO/DIO_Prog.c"
Finished building: ../DIO/DIO_Prog.c
 
Building file: ../.metadata/.plugins/org.eclipse.cdt.make.core/specs.c
Invoking: AVR Compiler
avr-gcc -Wall -g2 -gstabs -O0 -fpack-struct -fshort-enums -ffunction-sections -fdata-sections -std=gnu99 -funsigned-char -funsigned-bitfields -mmcu=atmega32 -DF_CPU=8000000UL -MMD -MP -MF".metadata/.plugins/org.eclipse.cdt.make.core/specs.d" -MT".metadata/.plugins/org.eclipse.cdt.make.core/specs.o" -c -o ".metadata/.plugins/org.eclipse.cdt.make.core/specs.o" "../.metadata/.plugins/org.eclipse.cdt.make.core/specs.c"
Finished building: ../.metadata/.plugins/org.eclipse.cdt.make.core/specs.c
 
Building file: ../UART.c
Invoking: AVR Compiler
avr-gcc -Wall -g2 -gstabs -O0 -fpack-struct -fshort-enums -ffunction-sections -fdata-sections -std=gnu99 -funsigned-char -funsigned-bitfields -mmcu=atmega32 -DF_CPU=8000000UL -MMD -MP -MF"UART.d" -MT"UART.o" -c -o "UART.o" "../UART.c"
Finished building: ../UART.c
 
Building file: ../main.c
Invoking: AVR Compiler
avr-gcc -Wall -g2 -gstabs -O0 -fpack-struct -fshort-enums -ffunction-sections -fdata-sections -std=gnu99 -funsigned-char -funsigned-bitfields -mmcu=atmega32 -DF_CPU=8000000UL -MMD -MP -MF"main.d" -MT"main.o" -c -o "main.o" "../main.c"
Finished building: ../main.c
 
Building target: UART_Driver.elf
Invoking: AVR C Linker
avr-gcc -Wl,-Map,UART_Driver.map -mmcu=atmega32 -o "UART_Driver.elf"  ./LCD/LCD_Prog.o  ./DIO/DIO_Prog.o  ./.metadata/.plugins/org.eclipse.cdt.make.core/specs.o  ./UART.o ./main.o   
Finished building target: UART_Driver.elf
 
Invoking: AVR Create Extended Listing
avr-objdump -h -S UART_Driver.elf  >"UART_Driver.lss"
Finished building: UART_Driver.lss
 
Create Flash image (ihex format)
avr-objcopy -R .eeprom -R .fuse -R .lock -R .signature -O ihex UART_Driver.elf  "UART_Driver.hex"
Finished building: UART_Driver.hex
 
Invoking: Print Size
avr-size --format=avr --mcu=atmega32 UART_Driver.elf
AVR Memory Usage
----------------
Device: atmega32

Program:    8762 bytes (26.7% Full)
(.text + .data + .bootloader)

Data:         10 bytes (0.5% Full)
(.data + .bss + .noinit)


Finished building: sizedummy
 

17:06:05 Build Finished. 0 errors, 1 warnings. (took 2s.142ms)

