14:27:45 **** Incremental Build of configuration Debug for project RTC ****
make all 
Building file: ../main.c
Invoking: AVR Compiler
avr-gcc -Wall -g2 -gstabs -O0 -fpack-struct -fshort-enums -ffunction-sections -fdata-sections -std=gnu99 -funsigned-char -funsigned-bitfields -mmcu=atmega16 -DF_CPU=1000000UL -MMD -MP -MF"main.d" -MT"main.o" -c -o "main.o" "../main.c"
In file included from ../main.c:10:
../LCD_Interface.h:14:1: warning: "F_CPU" redefined
<command-line>: warning: this is the location of the previous definition
In file included from ../LCD_Interface.h:17,
                 from ../main.c:10:
c:/winavr-20100110/lib/gcc/../../avr/include/util/delay.h:90:3: warning: #warning "Compiler optimizations disabled; functions from <util/delay.h> won't work as designed"
Finished building: ../main.c
 
Building target: RTC.elf
Invoking: AVR C Linker
avr-gcc -Wl,-Map,RTC.map -mmcu=atmega16 -o "RTC.elf"  ./I2C_Driver/I2C_Prog.o  ./DIO_Prog.o ./LCD_Prog.o ./RTC_Prog.o ./main.o   
Finished building target: RTC.elf
 
Invoking: AVR Create Extended Listing
avr-objdump -h -S RTC.elf  >"RTC.lss"
Finished building: RTC.lss
 
Create Flash image (ihex format)
avr-objcopy -R .eeprom -R .fuse -R .lock -R .signature -O ihex RTC.elf  "RTC.hex"
Finished building: RTC.hex
 
Invoking: Print Size
avr-size --format=avr --mcu=atmega16 RTC.elf
AVR Memory Usage
----------------
Device: atmega16

Program:   10294 bytes (62.8% Full)
(.text + .data + .bootloader)

Data:         36 bytes (3.5% Full)
(.data + .bss + .noinit)


Finished building: sizedummy
 

14:27:46 Build Finished. 0 errors, 2 warnings. (took 1s.146ms)

